<?xml version="1.0" encoding="UTF-8"?>
<!-- Generated by org.testng.reporters.JUnitReportReporter -->
<testsuite hostname="neza" failures="0" tests="1" name="paraunity.MoneyTest" time="0.016" errors="0" timestamp="2022-12-02T17:29:38 CAT" skipped="0">
  <testcase classname="paraunity.MoneyTest" name="constructorShouldSetAmountAndCurrency" time="0.016"/>
  <system-out/>
</testsuite> <!-- paraunity.MoneyTest -->
