<?xml version="1.0" encoding="UTF-8"?>
<!-- Generated by org.testng.reporters.JUnitReportReporter -->
<testsuite hostname="neza" failures="0" tests="1" name="paraunity.Fc" time="0.028" errors="0" timestamp="2022-12-02T21:12:07 CAT" skipped="0">
  <testcase classname="paraunity.Fc" name="teamsWithMorematchwonshouldbegreater" time="0.028"/>
  <system-out/>
</testsuite> <!-- paraunity.Fc -->
